Base path: /Applications/Unity/Unity.app/Contents
Pipe name: \\.\pipe\UnityShaderCompiler-64bit-1-2038870016
Cmd: getPlatforms
Cmd: compileSnippet
  api=0 type=0 insize=13030 outsize=6436 kw=_SUNDISK_SIMPLE pd= ok=1
Cmd: compileSnippet
  api=0 type=1 insize=13030 outsize=6 kw=_SUNDISK_SIMPLE pd= ok=1
Cmd: preprocess
  insize=594 outsize=487 ok=1
Cmd: compileSnippet
  api=0 type=0 insize=405 outsize=1061 kw= pd= ok=1
Cmd: compileSnippet
  api=0 type=1 insize=405 outsize=6 kw= pd= ok=1
Cmd: preprocess
  insize=673 outsize=560 ok=1
Cmd: compileSnippet
  api=0 type=0 insize=411 outsize=1149 kw= pd= ok=1
Cmd: compileSnippet
  api=0 type=1 insize=411 outsize=6 kw= pd= ok=1
Cmd: preprocess
  insize=1051 outsize=865 ok=1
Cmd: compileSnippet
  api=0 type=0 insize=445 outsize=208 kw= pd= ok=1
Cmd: compileSnippet
  api=0 type=1 insize=445 outsize=6 kw= pd= ok=1
Cmd: compileSnippet
  api=0 type=0 insize=362 outsize=523 kw= pd= ok=1
Cmd: compileSnippet
  api=0 type=1 insize=362 outsize=6 kw= pd= ok=1
Cmd: compileSnippet
  api=0 type=0 insize=362 outsize=523 kw= pd= ok=1
Cmd: compileSnippet
  api=0 type=1 insize=362 outsize=6 kw= pd= ok=1
Cmd: preprocess
  insize=5227 outsize=754 ok=1
Cmd: compileSnippet
  api=0 type=0 insize=4755 outsize=853 kw= pd= ok=1
Cmd: compileSnippet
  api=0 type=1 insize=4755 outsize=6 kw= pd= ok=1
Cmd: compileSnippet
  api=0 type=0 insize=4755 outsize=853 kw= pd= ok=1
Cmd: compileSnippet
  api=0 type=1 insize=4755 outsize=6 kw= pd= ok=1
Cmd: compileSnippet
  api=0 type=0 insize=4755 outsize=1253 kw= pd= ok=1
Cmd: compileSnippet
  api=0 type=1 insize=4755 outsize=6 kw= pd= ok=1
Cmd: compileSnippet
  api=0 type=0 insize=4755 outsize=1253 kw= pd= ok=1
Cmd: compileSnippet
  api=0 type=1 insize=4755 outsize=6 kw= pd= ok=1
Cmd: compileSnippet
  api=0 type=0 insize=4755 outsize=1653 kw= pd= ok=1
Cmd: compileSnippet
  api=0 type=1 insize=4755 outsize=6 kw= pd= ok=1
Cmd: compileSnippet
  api=0 type=0 insize=4755 outsize=1653 kw= pd= ok=1
Cmd: compileSnippet
  api=0 type=1 insize=4755 outsize=6 kw= pd= ok=1
Cmd: preprocess
  insize=271 outsize=214 ok=1
Cmd: compileSnippet
  api=0 type=0 insize=354 outsize=208 kw= pd= ok=1
Cmd: compileSnippet
  api=0 type=1 insize=354 outsize=6 kw= pd= ok=1
Cmd: preprocess
  insize=397 outsize=218 ok=1
Cmd: compileSnippet
  api=0 type=0 insize=476 outsize=174 kw= pd= ok=1
Cmd: compileSnippet
  api=0 type=1 insize=476 outsize=6 kw= pd= ok=1
Cmd: preprocess
  insize=644 outsize=160 ok=1
Cmd: compileSnippet
  api=0 type=0 insize=703 outsize=900 kw= pd= ok=1
Cmd: compileSnippet
  api=0 type=1 insize=703 outsize=900 kw= pd= ok=1
Cmd: preprocess
  insize=1816 outsize=434 ok=1
Cmd: compileSnippet
  api=0 type=0 insize=1642 outsize=415 kw= pd= ok=1
Cmd: compileSnippet
  api=0 type=1 insize=1642 outsize=6 kw= pd= ok=1
Cmd: compileSnippet
  api=0 type=0 insize=1668 outsize=1121 kw= pd= ok=1
Cmd: compileSnippet
  api=0 type=1 insize=1668 outsize=6 kw= pd= ok=1
Cmd: preprocess
  insize=5815 outsize=946 ok=1
Cmd: compileSnippet
  api=0 type=0 insize=5091 outsize=1043 kw= pd= ok=1
Cmd: compileSnippet
  api=0 type=1 insize=5091 outsize=6 kw= pd= ok=1
Cmd: compileSnippet
  api=0 type=0 insize=5107 outsize=1091 kw= pd= ok=1
Cmd: compileSnippet
  api=0 type=1 insize=5107 outsize=6 kw= pd= ok=1
Cmd: compileSnippet
  api=0 type=0 insize=5079 outsize=343 kw= pd= ok=1
Cmd: compileSnippet
  api=0 type=1 insize=5079 outsize=6 kw= pd= ok=1
Cmd: compileSnippet
  api=0 type=0 insize=5095 outsize=409 kw= pd= ok=1
Cmd: compileSnippet
  api=0 type=1 insize=5095 outsize=6 kw= pd= ok=1
Cmd: compileSnippet
  api=0 type=0 insize=5095 outsize=2687 kw= pd= ok=1
Cmd: compileSnippet
  api=0 type=1 insize=5095 outsize=6 kw= pd= ok=1
Cmd: compileSnippet
  api=0 type=0 insize=5099 outsize=3019 kw= pd= ok=1
Cmd: compileSnippet
  api=0 type=1 insize=5099 outsize=6 kw= pd= ok=1
Cmd: preprocess
  insize=394 outsize=391 ok=1
Cmd: preprocess
  insize=1165 outsize=440 ok=1
Cmd: compileSnippet
  api=0 type=0 insize=758 outsize=513 kw= pd= ok=1
Cmd: compileSnippet
  api=0 type=1 insize=758 outsize=6 kw= pd= ok=1
Cmd: compileSnippet
  api=0 type=0 insize=740 outsize=462 kw= pd= ok=1
Cmd: compileSnippet
  api=0 type=1 insize=740 outsize=6 kw= pd= ok=1
Cmd: preprocess
  insize=414 outsize=411 ok=1
Cmd: preprocess
  insize=406 outsize=403 ok=1
Cmd: preprocess
  insize=271 outsize=159 ok=1
Cmd: compileSnippet
  api=0 type=0 insize=333 outsize=530 kw= pd= ok=1
Cmd: compileSnippet
  api=0 type=1 insize=333 outsize=530 kw= pd= ok=1
Cmd: preprocess
  insize=432 outsize=429 ok=1
Cmd: preprocess
  insize=586 outsize=483 ok=1
Cmd: compileSnippet
  api=0 type=0 insize=401 outsize=999 kw= pd= ok=1
Cmd: compileSnippet
  api=0 type=1 insize=401 outsize=6 kw= pd= ok=1
Cmd: preprocess
  insize=673 outsize=549 ok=1
Cmd: compileSnippet
  api=0 type=0 insize=423 outsize=1189 kw= pd= ok=1
Cmd: compileSnippet
  api=0 type=1 insize=423 outsize=6 kw= pd= ok=1
Cmd: preprocess
  insize=1581 outsize=585 ok=1
Cmd: compileSnippet
  api=0 type=0 insize=1295 outsize=1424 kw= pd= ok=1
Cmd: compileSnippet
  api=0 type=1 insize=1295 outsize=6 kw= pd= ok=1
Cmd: preprocess
  insize=665 outsize=545 ok=1
Cmd: compileSnippet
  api=0 type=0 insize=419 outsize=1100 kw= pd= ok=1
Cmd: compileSnippet
  api=0 type=1 insize=419 outsize=6 kw= pd= ok=1
Cmd: preprocess
  insize=424 outsize=421 ok=1
Cmd: preprocess
  insize=681 outsize=565 ok=1
Cmd: compileSnippet
  api=0 type=0 insize=415 outsize=1211 kw= pd= ok=1
Cmd: compileSnippet
  api=0 type=1 insize=415 outsize=6 kw= pd= ok=1
Cmd: preprocess
  insize=404 outsize=349 ok=1
Cmd: compileSnippet
  api=0 type=0 insize=354 outsize=523 kw= pd= ok=1
Cmd: compileSnippet
  api=0 type=1 insize=354 outsize=6 kw= pd= ok=1
